[2026-01-17 02:23:10] [WARNING] [anonymous] Login failed: Invalid password for user - admin_user
[2026-01-17 02:25:09] [WARNING] [anonymous] Login failed: Invalid password for user - admin_user
[2026-01-17 02:29:51] [WARNING] [anonymous] Login failed: Invalid password for user - admin_user
[2026-01-17 02:30:16] [INFO] [1] User logged in successfully: admin_user {"user_id":1,"username":"admin_user","role":"admin","ip_address":"::1"}
[2026-01-17 02:31:17] [INFO] [2] User logged in successfully: manager_john {"user_id":2,"username":"manager_john","role":"manager","ip_address":"::1"}
[2026-01-17 02:32:22] [WARNING] [2] Login failed: Invalid password for user - admin_user
[2026-01-17 02:33:20] [WARNING] [anonymous] Login failed: Invalid password for user - admin_user
[2026-01-17 02:33:37] [INFO] [1] User logged in successfully: admin_user {"user_id":1,"username":"admin_user","role":"admin","ip_address":"::1"}
[2026-01-17 02:35:35] [INFO] [1] User logged in successfully: admin_user {"user_id":1,"username":"admin_user","role":"admin","ip_address":"::1"}
[2026-01-17 02:39:38] [INFO] [1] User logged in successfully: admin_user {"user_id":1,"username":"admin_user","role":"admin","ip_address":"::1"}
[2026-01-17 02:40:24] [INFO] [1] User logged in successfully: admin_user {"user_id":1,"username":"admin_user","role":"admin","ip_address":"::1"}
[2026-01-17 02:41:10] [INFO] [1] User logged in successfully: admin_user {"user_id":1,"username":"admin_user","role":"admin","ip_address":"::1"}
[2026-01-17 02:46:50] [INFO] [1] User logged in successfully: admin_user {"user_id":1,"username":"admin_user","role":"admin","ip_address":"Unknown"}
[2026-01-17 02:48:00] [INFO] [1] User logged in successfully: admin_user {"user_id":1,"username":"admin_user","role":"admin","ip_address":"::1"}
[2026-01-17 02:49:04] [WARNING] [1] Login failed: User not found - admin_john
[2026-01-17 02:49:33] [INFO] [1] User logged in successfully: admin_user {"user_id":1,"username":"admin_user","role":"admin","ip_address":"::1"}
[2026-01-17 02:50:09] [INFO] [1] User logged in successfully: admin_user {"user_id":1,"username":"admin_user","role":"admin","ip_address":"::1"}
[2026-01-17 02:50:54] [INFO] [1] User logged in successfully: admin_user {"user_id":1,"username":"admin_user","role":"admin","ip_address":"::1"}
[2026-01-17 02:51:51] [INFO] [1] User logged in successfully: admin_user {"user_id":1,"username":"admin_user","role":"admin","ip_address":"::1"}
[2026-01-17 02:53:05] [INFO] [1] User logged in successfully: admin_user {"user_id":1,"username":"admin_user","role":"admin","ip_address":"::1"}
[2026-01-17 02:53:43] [INFO] [1] User logged in successfully: admin_user {"user_id":1,"username":"admin_user","role":"admin","ip_address":"::1"}
[2026-01-17 02:54:50] [INFO] [1] User logged in successfully: admin_user {"user_id":1,"username":"admin_user","role":"admin","ip_address":"::1"}
[2026-01-17 02:55:34] [INFO] [1] User logged in successfully: admin_user {"user_id":1,"username":"admin_user","role":"admin","ip_address":"::1"}
[2026-01-17 02:55:49] [INFO] [1] User logged in successfully: admin_user {"user_id":1,"username":"admin_user","role":"admin","ip_address":"::1"}
[2026-01-17 02:56:24] [INFO] [1] User logged in successfully: admin_user {"user_id":1,"username":"admin_user","role":"admin","ip_address":"::1"}
[2026-01-17 02:58:01] [INFO] [1] User logged in successfully: admin_user {"user_id":1,"username":"admin_user","role":"admin","ip_address":"::1"}
[2026-01-17 02:58:10] [INFO] [1] User logged in successfully: admin_user {"user_id":1,"username":"admin_user","role":"admin","ip_address":"::1"}
[2026-01-17 02:58:37] [INFO] [1] User logged in successfully: admin_user {"user_id":1,"username":"admin_user","role":"admin","ip_address":"::1"}
[2026-01-17 02:59:17] [INFO] [1] User logged in successfully: admin_user {"user_id":1,"username":"admin_user","role":"admin","ip_address":"::1"}
[2026-01-17 03:01:19] [INFO] [1] User logged in successfully: admin_user {"user_id":1,"username":"admin_user","role":"admin","ip_address":"::1"}
[2026-01-17 03:09:09] [INFO] [1] User logged in successfully: admin_user {"user_id":1,"username":"admin_user","role":"admin","ip_address":"::1"}
[2026-01-17 03:14:12] [INFO] [2] User logged in successfully: manager_john {"user_id":2,"username":"manager_john","role":"manager","ip_address":"::1"}
[2026-01-17 14:37:06] [INFO] [2] User logged in successfully: manager_john {"user_id":2,"username":"manager_john","role":"manager","ip_address":"::1"}
[2026-01-17 14:37:37] [INFO] [1] User logged in successfully: admin_user {"user_id":1,"username":"admin_user","role":"admin","ip_address":"::1"}
[2026-01-17 16:35:57] [INFO] [1] User logged in successfully: admin_user {"user_id":1,"username":"admin_user","role":"admin","ip_address":"::1"}
[2026-01-17 16:37:35] [INFO] [2] User logged in successfully: manager_john {"user_id":2,"username":"manager_john","role":"manager","ip_address":"::1"}
[2026-01-19 16:26:22] [INFO] [2] User logged in successfully: manager_john {"user_id":2,"username":"manager_john","role":"manager","ip_address":"::1"}
[2026-01-19 16:31:40] [INFO] [1] User logged in successfully: admin_user {"user_id":1,"username":"admin_user","role":"admin","ip_address":"::1"}
[2026-01-19 16:33:57] [WARNING] [anonymous] Login failed: User not found - slatty
[2026-01-19 16:34:05] [WARNING] [anonymous] Login failed: User not found - slatty
[2026-01-19 16:34:55] [WARNING] [anonymous] Login failed: User not found - slatty
[2026-01-19 16:35:40] [WARNING] [anonymous] Login failed: Invalid password for user - cashier_alice
[2026-01-19 16:35:54] [INFO] [4] User logged in successfully: cashier_alice {"user_id":4,"username":"cashier_alice","role":"cashier","ip_address":"::1"}
[2026-01-20 17:06:02] [INFO] [1] User logged in successfully: admin_user {"user_id":1,"username":"admin_user","role":"admin","ip_address":"::1"}
[2026-01-23 19:39:12] [INFO] [1] User logged in successfully: admin_user {"user_id":1,"username":"admin_user","role":"admin","ip_address":"::1"}
